<?xml version="1.0" encoding="UTF-8"?>
<testsuite name="Test Case"
           tests="3"
           failures="0"
           errors="0"
           skipped="0"
           time="31.962">
  <properties />
  
  
            <testcase name="verifyUserShouldNavigateToLoginPage" time="31.334" classname="uk.co.barclays.testsuite.TestCase" />
                <testcase name="verifyUserShouldHoverOnBankLink" time="0.345" classname="uk.co.barclays.testsuite.TestCase" />
                <testcase name="verifyUserShouldMouseHoverAndClickOnBorrowDropDownLink" time="0.283" classname="uk.co.barclays.testsuite.TestCase" />
      
</testsuite>
